<?xml version="1.0" encoding="UTF-8"?>
<!-- Generated by org.testng.reporters.JUnitReportReporter -->
<testsuite hostname="DESKTOP-V8B9A6C" failures="0" tests="1" name="androids.Mindspark" time="297.484" errors="0" timestamp="2023-07-14T16:20:08 IST" skipped="0">
  <testcase classname="androids.Mindspark" name="teacherStudentWorkhseet" time="297.484"/>
  <system-out/>
</testsuite> <!-- androids.Mindspark -->
